<?xml version="1.0" encoding="UTF-8"?>
<!-- Generated by org.testng.reporters.JUnitReportReporter -->
<testsuite hostname="LAPTOP-H0JG6H9J" failures="0" tests="1" name="FirstTest" time="6.753" errors="0" timestamp="2021-04-04T04:57:31 BDT" skipped="0">
  <testcase classname="FirstTest" name="Task" time="6.753"/>
  <system-out/>
</testsuite> <!-- FirstTest -->
